# JRE version: OpenJDK Runtime Environment Temurin-21.0.8+9 (21.0.8+9) (build 21.0.8+9-LTS)
# Java VM: OpenJDK 64-Bit Server VM Temurin-21.0.8+9 (21.0.8+9-LTS, mixed mode, sharing, tiered, compressed oops, compressed class ptrs, parallel gc, windows-amd64)
GC Precious Log:
 CardTable entry size: 512
 CPUs: 12 total, 12 available
 Memory: 3424M
 Large Page Support: Disabled
 NUMA Support: Disabled
 Compressed Oops: Enabled (32-bit)
 Alignments: Space 512K, Generation 512K, Heap 2M
 Heap Min Capacity: 100M
 Heap Initial Capacity: 100M
 Heap Max Capacity: 2G
 Pre-touch: Disabled
 Parallel Workers: 10
Heap:
 PSYoungGen      total 8704K, used 4729K [0x00000000d5580000, 0x00000000d6500000, 0x0000000100000000)
  eden space 6656K, 40% used [0x00000000d5580000,0x00000000d58227e8,0x00000000d5c00000)
  from space 2048K, 99% used [0x00000000d6000000,0x00000000d61fbdb0,0x00000000d6200000)
  to   space 4096K, 0% used [0x00000000d5c00000,0x00000000d5c00000,0x00000000d6000000)
 ParOldGen       total 1146880K, used 1146568K [0x0000000080000000, 0x00000000c6000000, 0x00000000d5580000)
  object space 1146880K, 99% used [0x0000000080000000,0x00000000c5fb23a0,0x00000000c6000000)
 Metaspace       used 74398K, committed 76160K, reserved 1179648K
  class space    used 7729K, committed 8448K, reserved 1048576K
GC Heap History (20 events):
Event: 722.726 GC heap before
{Heap before GC invocations=2470 (full 3):
 PSYoungGen      total 8192K, used 8148K [0x00000000d5580000, 0x00000000d6200000, 0x0000000100000000)
  eden space 7680K, 100% used [0x00000000d5580000,0x00000000d5d00000,0x00000000d5d00000)
  from space 512K, 91% used [0x00000000d6180000,0x00000000d61f5220,0x00000000d6200000)
  to   space 512K, 0% used [0x00000000d6100000,0x00000000d6100000,0x00000000d6180000)
 ParOldGen       total 1140224K, used 1139899K [0x0000000080000000, 0x00000000c5980000, 0x00000000d5580000)
  object space 1140224K, 99% used [0x0000000080000000,0x00000000c592efd0,0x00000000c5980000)
 Metaspace       used 74023K, committed 75712K, reserved 1179648K
  class space    used 7709K, committed 8384K, reserved 1048576K
}
Event: 722.730 GC heap after
{Heap after GC invocations=2470 (full 3):
 PSYoungGen      total 8192K, used 500K [0x00000000d5580000, 0x00000000d6200000, 0x0000000100000000)
  eden space 7680K, 0% used [0x00000000d5580000,0x00000000d5580000,0x00000000d5d00000)
  from space 512K, 97% used [0x00000000d6100000,0x00000000d617d200,0x00000000d6180000)
  to   space 512K, 0% used [0x00000000d6180000,0x00000000d6180000,0x00000000d6200000)
 ParOldGen       total 1140224K, used 1140075K [0x0000000080000000, 0x00000000c5980000, 0x00000000d5580000)
  object space 1140224K, 99% used [0x0000000080000000,0x00000000c595aff0,0x00000000c5980000)
 Metaspace       used 74023K, committed 75712K, reserved 1179648K
  class space    used 7709K, committed 8384K, reserved 1048576K
}
Event: 724.587 GC heap before
{Heap before GC invocations=2471 (full 3):
 PSYoungGen      total 8192K, used 8180K [0x00000000d5580000, 0x00000000d6200000, 0x0000000100000000)
  eden space 7680K, 100% used [0x00000000d5580000,0x00000000d5d00000,0x00000000d5d00000)
  from space 512K, 97% used [0x00000000d6100000,0x00000000d617d200,0x00000000d6180000)
  to   space 512K, 0% used [0x00000000d6180000,0x00000000d6180000,0x00000000d6200000)
 ParOldGen       total 1140224K, used 1140075K [0x0000000080000000, 0x00000000c5980000, 0x00000000d5580000)
  object space 1140224K, 99% used [0x0000000080000000,0x00000000c595aff0,0x00000000c5980000)
 Metaspace       used 74109K, committed 75776K, reserved 1179648K
  class space    used 7713K, committed 8384K, reserved 1048576K
}
Event: 724.605 GC heap after
{Heap after GC invocations=2471 (full 3):
 PSYoungGen      total 8192K, used 500K [0x00000000d5580000, 0x00000000d6200000, 0x0000000100000000)
  eden space 7680K, 0% used [0x00000000d5580000,0x00000000d5580000,0x00000000d5d00000)
  from space 512K, 97% used [0x00000000d6180000,0x00000000d61fd200,0x00000000d6200000)
  to   space 1024K, 0% used [0x00000000d6000000,0x00000000d6000000,0x00000000d6100000)
 ParOldGen       total 1140224K, used 1140131K [0x0000000080000000, 0x00000000c5980000, 0x00000000d5580000)
  object space 1140224K, 99% used [0x0000000080000000,0x00000000c5968ff0,0x00000000c5980000)
 Metaspace       used 74109K, committed 75776K, reserved 1179648K
  class space    used 7713K, committed 8384K, reserved 1048576K
}
Event: 724.778 GC heap before
{Heap before GC invocations=2472 (full 3):
 PSYoungGen      total 8192K, used 8180K [0x00000000d5580000, 0x00000000d6200000, 0x0000000100000000)
  eden space 7680K, 100% used [0x00000000d5580000,0x00000000d5d00000,0x00000000d5d00000)
  from space 512K, 97% used [0x00000000d6180000,0x00000000d61fd200,0x00000000d6200000)
  to   space 1024K, 0% used [0x00000000d6000000,0x00000000d6000000,0x00000000d6100000)
 ParOldGen       total 1140224K, used 1140131K [0x0000000080000000, 0x00000000c5980000, 0x00000000d5580000)
  object space 1140224K, 99% used [0x0000000080000000,0x00000000c5968ff0,0x00000000c5980000)
 Metaspace       used 74141K, committed 75776K, reserved 1179648K
  class space    used 7716K, committed 8384K, reserved 1048576K
}
Event: 724.783 GC heap after
{Heap after GC invocations=2472 (full 3):
 PSYoungGen      total 8704K, used 911K [0x00000000d5580000, 0x00000000d6200000, 0x0000000100000000)
  eden space 7680K, 0% used [0x00000000d5580000,0x00000000d5580000,0x00000000d5d00000)
  from space 1024K, 89% used [0x00000000d6000000,0x00000000d60e3db0,0x00000000d6100000)
  to   space 1024K, 0% used [0x00000000d6100000,0x00000000d6100000,0x00000000d6200000)
 ParOldGen       total 1140736K, used 1140520K [0x0000000080000000, 0x00000000c5a00000, 0x00000000d5580000)
  object space 1140736K, 99% used [0x0000000080000000,0x00000000c59ca1f0,0x00000000c5a00000)
 Metaspace       used 74141K, committed 75776K, reserved 1179648K
  class space    used 7716K, committed 8384K, reserved 1048576K
}
Event: 725.986 GC heap before
{Heap before GC invocations=2473 (full 3):
 PSYoungGen      total 8704K, used 8591K [0x00000000d5580000, 0x00000000d6200000, 0x0000000100000000)
  eden space 7680K, 100% used [0x00000000d5580000,0x00000000d5d00000,0x00000000d5d00000)
  from space 1024K, 89% used [0x00000000d6000000,0x00000000d60e3db0,0x00000000d6100000)
  to   space 1024K, 0% used [0x00000000d6100000,0x00000000d6100000,0x00000000d6200000)
 ParOldGen       total 1140736K, used 1140520K [0x0000000080000000, 0x00000000c5a00000, 0x00000000d5580000)
  object space 1140736K, 99% used [0x0000000080000000,0x00000000c59ca1f0,0x00000000c5a00000)
 Metaspace       used 74167K, committed 75776K, reserved 1179648K
  class space    used 7718K, committed 8384K, reserved 1048576K
}
Event: 725.992 GC heap after
{Heap after GC invocations=2473 (full 3):
 PSYoungGen      total 8704K, used 682K [0x00000000d5580000, 0x00000000d6200000, 0x0000000100000000)
  eden space 7680K, 0% used [0x00000000d5580000,0x00000000d5580000,0x00000000d5d00000)
  from space 1024K, 66% used [0x00000000d6100000,0x00000000d61aa910,0x00000000d6200000)
  to   space 1024K, 0% used [0x00000000d6000000,0x00000000d6000000,0x00000000d6100000)
 ParOldGen       total 1141248K, used 1140760K [0x0000000080000000, 0x00000000c5a80000, 0x00000000d5580000)
  object space 1141248K, 99% used [0x0000000080000000,0x00000000c5a061f0,0x00000000c5a80000)
 Metaspace       used 74167K, committed 75776K, reserved 1179648K
  class space    used 7718K, committed 8384K, reserved 1048576K
}
Event: 726.446 GC heap before
{Heap before GC invocations=2474 (full 3):
 PSYoungGen      total 8704K, used 8362K [0x00000000d5580000, 0x00000000d6200000, 0x0000000100000000)
  eden space 7680K, 100% used [0x00000000d5580000,0x00000000d5d00000,0x00000000d5d00000)
  from space 1024K, 66% used [0x00000000d6100000,0x00000000d61aa910,0x00000000d6200000)
  to   space 1024K, 0% used [0x00000000d6000000,0x00000000d6000000,0x00000000d6100000)
 ParOldGen       total 1141248K, used 1140760K [0x0000000080000000, 0x00000000c5a80000, 0x00000000d5580000)
  object space 1141248K, 99% used [0x0000000080000000,0x00000000c5a061f0,0x00000000c5a80000)
 Metaspace       used 74321K, committed 76096K, reserved 1179648K
  class space    used 7728K, committed 8448K, reserved 1048576K
}
Event: 726.453 GC heap after
{Heap after GC invocations=2474 (full 3):
 PSYoungGen      total 8704K, used 692K [0x00000000d5580000, 0x00000000d6180000, 0x0000000100000000)
  eden space 7680K, 0% used [0x00000000d5580000,0x00000000d5580000,0x00000000d5d00000)
  from space 1024K, 67% used [0x00000000d6000000,0x00000000d60ad200,0x00000000d6100000)
  to   space 512K, 0% used [0x00000000d6100000,0x00000000d6100000,0x00000000d6180000)
 ParOldGen       total 1141248K, used 1140792K [0x0000000080000000, 0x00000000c5a80000, 0x00000000d5580000)
  object space 1141248K, 99% used [0x0000000080000000,0x00000000c5a0e1f0,0x00000000c5a80000)
 Metaspace       used 74321K, committed 76096K, reserved 1179648K
  class space    used 7728K, committed 8448K, reserved 1048576K
}
Event: 726.580 GC heap before
{Heap before GC invocations=2475 (full 3):
 PSYoungGen      total 8704K, used 8372K [0x00000000d5580000, 0x00000000d6180000, 0x0000000100000000)
  eden space 7680K, 99% used [0x00000000d5580000,0x00000000d5cfffc8,0x00000000d5d00000)
  from space 1024K, 67% used [0x00000000d6000000,0x00000000d60ad200,0x00000000d6100000)
  to   space 512K, 0% used [0x00000000d6100000,0x00000000d6100000,0x00000000d6180000)
 ParOldGen       total 1141248K, used 1140792K [0x0000000080000000, 0x00000000c5a80000, 0x00000000d5580000)
  object space 1141248K, 99% used [0x0000000080000000,0x00000000c5a0e1f0,0x00000000c5a80000)
 Metaspace       used 74347K, committed 76096K, reserved 1179648K
  class space    used 7728K, committed 8448K, reserved 1048576K
}
Event: 726.586 GC heap after
{Heap after GC invocations=2475 (full 3):
 PSYoungGen      total 8192K, used 487K [0x00000000d5580000, 0x00000000d6400000, 0x0000000100000000)
  eden space 7680K, 0% used [0x00000000d5580000,0x00000000d5580000,0x00000000d5d00000)
  from space 512K, 95% used [0x00000000d6100000,0x00000000d6179ed8,0x00000000d6180000)
  to   space 3584K, 0% used [0x00000000d5d00000,0x00000000d5d00000,0x00000000d6080000)
 ParOldGen       total 1143808K, used 1143396K [0x0000000080000000, 0x00000000c5d00000, 0x00000000d5580000)
  object space 1143808K, 99% used [0x0000000080000000,0x00000000c5c992c8,0x00000000c5d00000)
 Metaspace       used 74347K, committed 76096K, reserved 1179648K
  class space    used 7728K, committed 8448K, reserved 1048576K
}
Event: 726.627 GC heap before
{Heap before GC invocations=2476 (full 3):
 PSYoungGen      total 8192K, used 8167K [0x00000000d5580000, 0x00000000d6400000, 0x0000000100000000)
  eden space 7680K, 100% used [0x00000000d5580000,0x00000000d5d00000,0x00000000d5d00000)
  from space 512K, 95% used [0x00000000d6100000,0x00000000d6179ed8,0x00000000d6180000)
  to   space 3584K, 0% used [0x00000000d5d00000,0x00000000d5d00000,0x00000000d6080000)
 ParOldGen       total 1143808K, used 1143396K [0x0000000080000000, 0x00000000c5d00000, 0x00000000d5580000)
  object space 1143808K, 99% used [0x0000000080000000,0x00000000c5c992c8,0x00000000c5d00000)
 Metaspace       used 74351K, committed 76096K, reserved 1179648K
  class space    used 7728K, committed 8448K, reserved 1048576K
}
Event: 726.635 GC heap after
{Heap after GC invocations=2476 (full 3):
 PSYoungGen      total 11264K, used 3561K [0x00000000d5580000, 0x00000000d6600000, 0x0000000100000000)
  eden space 7680K, 0% used [0x00000000d5580000,0x00000000d5580000,0x00000000d5d00000)
  from space 3584K, 99% used [0x00000000d5d00000,0x00000000d607a6b0,0x00000000d6080000)
  to   space 4608K, 0% used [0x00000000d6180000,0x00000000d6180000,0x00000000d6600000)
 ParOldGen       total 1144320K, used 1143972K [0x0000000080000000, 0x00000000c5d80000, 0x00000000d5580000)
  object space 1144320K, 99% used [0x0000000080000000,0x00000000c5d291a0,0x00000000c5d80000)
 Metaspace       used 74351K, committed 76096K, reserved 1179648K
  class space    used 7728K, committed 8448K, reserved 1048576K
}
Event: 730.068 GC heap before
{Heap before GC invocations=2477 (full 3):
 PSYoungGen      total 11264K, used 11241K [0x00000000d5580000, 0x00000000d6600000, 0x0000000100000000)
  eden space 7680K, 100% used [0x00000000d5580000,0x00000000d5d00000,0x00000000d5d00000)
  from space 3584K, 99% used [0x00000000d5d00000,0x00000000d607a6b0,0x00000000d6080000)
  to   space 4608K, 0% used [0x00000000d6180000,0x00000000d6180000,0x00000000d6600000)
 ParOldGen       total 1144320K, used 1143972K [0x0000000080000000, 0x00000000c5d80000, 0x00000000d5580000)
  object space 1144320K, 99% used [0x0000000080000000,0x00000000c5d291a0,0x00000000c5d80000)
 Metaspace       used 74352K, committed 76096K, reserved 1179648K
  class space    used 7728K, committed 8448K, reserved 1048576K
}
Event: 730.077 GC heap after
{Heap after GC invocations=2477 (full 3):
 PSYoungGen      total 8192K, used 324K [0x00000000d5580000, 0x00000000d6200000, 0x0000000100000000)
  eden space 7680K, 0% used [0x00000000d5580000,0x00000000d5580000,0x00000000d5d00000)
  from space 512K, 63% used [0x00000000d6180000,0x00000000d61d1210,0x00000000d6200000)
  to   space 2048K, 0% used [0x00000000d5e00000,0x00000000d5e00000,0x00000000d6000000)
 ParOldGen       total 1145344K, used 1145188K [0x0000000080000000, 0x00000000c5e80000, 0x00000000d5580000)
  object space 1145344K, 99% used [0x0000000080000000,0x00000000c5e591a0,0x00000000c5e80000)
 Metaspace       used 74352K, committed 76096K, reserved 1179648K
  class space    used 7728K, committed 8448K, reserved 1048576K
}
Event: 733.862 GC heap before
{Heap before GC invocations=2478 (full 3):
 PSYoungGen      total 8192K, used 8004K [0x00000000d5580000, 0x00000000d6200000, 0x0000000100000000)
  eden space 7680K, 100% used [0x00000000d5580000,0x00000000d5d00000,0x00000000d5d00000)
  from space 512K, 63% used [0x00000000d6180000,0x00000000d61d1210,0x00000000d6200000)
  to   space 2048K, 0% used [0x00000000d5e00000,0x00000000d5e00000,0x00000000d6000000)
 ParOldGen       total 1145344K, used 1145188K [0x0000000080000000, 0x00000000c5e80000, 0x00000000d5580000)
  object space 1145344K, 99% used [0x0000000080000000,0x00000000c5e591a0,0x00000000c5e80000)
 Metaspace       used 74392K, committed 76160K, reserved 1179648K
  class space    used 7729K, committed 8448K, reserved 1048576K
}
Event: 733.867 GC heap after
{Heap after GC invocations=2478 (full 3):
 PSYoungGen      total 9728K, used 1443K [0x00000000d5580000, 0x00000000d6200000, 0x0000000100000000)
  eden space 7680K, 0% used [0x00000000d5580000,0x00000000d5580000,0x00000000d5d00000)
  from space 2048K, 70% used [0x00000000d5e00000,0x00000000d5f68fb0,0x00000000d6000000)
  to   space 2048K, 0% used [0x00000000d6000000,0x00000000d6000000,0x00000000d6200000)
 ParOldGen       total 1145344K, used 1145220K [0x0000000080000000, 0x00000000c5e80000, 0x00000000d5580000)
  object space 1145344K, 99% used [0x0000000080000000,0x00000000c5e611a0,0x00000000c5e80000)
 Metaspace       used 74392K, committed 76160K, reserved 1179648K
  class space    used 7729K, committed 8448K, reserved 1048576K
}
Event: 733.897 GC heap before
{Heap before GC invocations=2479 (full 3):
 PSYoungGen      total 9728K, used 9123K [0x00000000d5580000, 0x00000000d6200000, 0x0000000100000000)
  eden space 7680K, 99% used [0x00000000d5580000,0x00000000d5cffff0,0x00000000d5d00000)
  from space 2048K, 70% used [0x00000000d5e00000,0x00000000d5f68fb0,0x00000000d6000000)
  to   space 2048K, 0% used [0x00000000d6000000,0x00000000d6000000,0x00000000d6200000)
 ParOldGen       total 1145344K, used 1145220K [0x0000000080000000, 0x00000000c5e80000, 0x00000000d5580000)
  object space 1145344K, 99% used [0x0000000080000000,0x00000000c5e611a0,0x00000000c5e80000)
 Metaspace       used 74392K, committed 76160K, reserved 1179648K
  class space    used 7729K, committed 8448K, reserved 1048576K
}
Event: 733.905 GC heap after
{Heap after GC invocations=2479 (full 3):
 PSYoungGen      total 8704K, used 2031K [0x00000000d5580000, 0x00000000d6500000, 0x0000000100000000)
  eden space 6656K, 0% used [0x00000000d5580000,0x00000000d5580000,0x00000000d5c00000)
  from space 2048K, 99% used [0x00000000d6000000,0x00000000d61fbdb0,0x00000000d6200000)
  to   space 4096K, 0% used [0x00000000d5c00000,0x00000000d5c00000,0x00000000d6000000)
 ParOldGen       total 1146880K, used 1146568K [0x0000000080000000, 0x00000000c6000000, 0x00000000d5580000)
  object space 1146880K, 99% used [0x0000000080000000,0x00000000c5fb23a0,0x00000000c6000000)
 Metaspace       used 74392K, committed 76160K, reserved 1179648K
  class space    used 7729K, committed 8448K, reserved 1048576K
}

